-------------------------------------------------------------------------------
Test set: massageBusTest
-------------------------------------------------------------------------------
Tests run: 5, Failures: 0, Errors: 5, Skipped: 0, Time elapsed: 0.413 s <<< FAILURE! -- in massageBusTest
massageBusTest.testRegisterAndUnregister -- Time elapsed: 0.393 s <<< ERROR!
java.lang.UnsupportedClassVersionError: org/mockito/Mockito has been compiled by a more recent version of the Java Runtime (class file version 55.0), this version of the Java Runtime only recognizes class file versions up to 52.0
	at java.lang.ClassLoader.defineClass1(Native Method)
	at java.lang.ClassLoader.defineClass(ClassLoader.java:756)
	at java.security.SecureClassLoader.defineClass(SecureClassLoader.java:142)
	at java.net.URLClassLoader.defineClass(URLClassLoader.java:473)
	at java.net.URLClassLoader.access$100(URLClassLoader.java:74)
	at java.net.URLClassLoader$1.run(URLClassLoader.java:369)
	at java.net.URLClassLoader$1.run(URLClassLoader.java:363)
	at java.security.AccessController.doPrivileged(Native Method)
	at java.net.URLClassLoader.findClass(URLClassLoader.java:362)
	at java.lang.ClassLoader.loadClass(ClassLoader.java:418)
	at sun.misc.Launcher$AppClassLoader.loadClass(Launcher.java:352)
	at java.lang.ClassLoader.loadClass(ClassLoader.java:351)
	at massageBusTest.setUp(massageBusTest.java:24)
	at java.lang.reflect.Method.invoke(Method.java:498)
	at java.util.ArrayList.forEach(ArrayList.java:1259)
	at java.util.ArrayList.forEach(ArrayList.java:1259)

massageBusTest.testSubscribeBroadcast -- Time elapsed: 0.002 s <<< ERROR!
java.lang.UnsupportedClassVersionError: org/mockito/Mockito has been compiled by a more recent version of the Java Runtime (class file version 55.0), this version of the Java Runtime only recognizes class file versions up to 52.0
	at massageBusTest.setUp(massageBusTest.java:24)
	at java.lang.reflect.Method.invoke(Method.java:498)
	at java.util.ArrayList.forEach(ArrayList.java:1259)
	at java.util.ArrayList.forEach(ArrayList.java:1259)

massageBusTest.testSendEventRoundRobin -- Time elapsed: 0.001 s <<< ERROR!
java.lang.UnsupportedClassVersionError: org/mockito/Mockito has been compiled by a more recent version of the Java Runtime (class file version 55.0), this version of the Java Runtime only recognizes class file versions up to 52.0
	at massageBusTest.setUp(massageBusTest.java:24)
	at java.lang.reflect.Method.invoke(Method.java:498)
	at java.util.ArrayList.forEach(ArrayList.java:1259)
	at java.util.ArrayList.forEach(ArrayList.java:1259)

massageBusTest.testSubscribeEvent -- Time elapsed: 0.010 s <<< ERROR!
java.lang.UnsupportedClassVersionError: org/mockito/Mockito has been compiled by a more recent version of the Java Runtime (class file version 55.0), this version of the Java Runtime only recognizes class file versions up to 52.0
	at massageBusTest.setUp(massageBusTest.java:24)
	at java.lang.reflect.Method.invoke(Method.java:498)
	at java.util.ArrayList.forEach(ArrayList.java:1259)
	at java.util.ArrayList.forEach(ArrayList.java:1259)

massageBusTest.testCompleteEvent -- Time elapsed: 0.002 s <<< ERROR!
java.lang.UnsupportedClassVersionError: org/mockito/Mockito has been compiled by a more recent version of the Java Runtime (class file version 55.0), this version of the Java Runtime only recognizes class file versions up to 52.0
	at massageBusTest.setUp(massageBusTest.java:24)
	at java.lang.reflect.Method.invoke(Method.java:498)
	at java.util.ArrayList.forEach(ArrayList.java:1259)
	at java.util.ArrayList.forEach(ArrayList.java:1259)

