<?xml version="1.0" encoding="UTF-8"?>
<testsuite xmlns:xsi="http://www.w3.org/2001/XMLSchema-instance" xsi:noNamespaceSchemaLocation="https://maven.apache.org/surefire/maven-surefire-plugin/xsd/surefire-test-report.xsd" version="3.0.2" name="massageBusTest" time="0.413" tests="5" errors="5" skipped="0" failures="0">
  <properties>
[...]
</properties>
  <testcase name="testRegisterAndUnregister" classname="massageBusTest" time="0.393">
    <error message="org/mockito/Mockito has been compiled by a more recent version of the Java Runtime (class file version 55.0), this version of the Java Runtime only recognizes class file versions up to 52.0" type="java.lang.UnsupportedClassVersionError"><![CDATA[java.lang.UnsupportedClassVersionError: org/mockito/Mockito has been compiled by a more recent version of the Java Runtime (class file version 55.0), this version of the Java Runtime only recognizes class file versions up to 52.0
	at java.lang.ClassLoader.defineClass1(Native Method)
	at java.lang.ClassLoader.defineClass(ClassLoader.java:756)
	at java.security.SecureClassLoader.defineClass(SecureClassLoader.java:142)
	at java.net.URLClassLoader.defineClass(URLClassLoader.java:473)
	at java.net.URLClassLoader.access$100(URLClassLoader.java:74)
	at java.net.URLClassLoader$1.run(URLClassLoader.java:369)
	at java.net.URLClassLoader$1.run(URLClassLoader.java:363)
	at java.security.AccessController.doPrivileged(Native Method)
	at java.net.URLClassLoader.findClass(URLClassLoader.java:362)
	at java.lang.ClassLoader.loadClass(ClassLoader.java:418)
	at sun.misc.Launcher$AppClassLoader.loadClass(Launcher.java:352)
	at java.lang.ClassLoader.loadClass(ClassLoader.java:351)
	at massageBusTest.setUp(massageBusTest.java:24)
	at java.lang.reflect.Method.invoke(Method.java:498)
	at java.util.ArrayList.forEach(ArrayList.java:1259)
	at java.util.ArrayList.forEach(ArrayList.java:1259)
]]></error>
  </testcase>
  <testcase name="testSubscribeBroadcast" classname="massageBusTest" time="0.002">
    <error message="org/mockito/Mockito has been compiled by a more recent version of the Java Runtime (class file version 55.0), this version of the Java Runtime only recognizes class file versions up to 52.0" type="java.lang.UnsupportedClassVersionError"><![CDATA[java.lang.UnsupportedClassVersionError: org/mockito/Mockito has been compiled by a more recent version of the Java Runtime (class file version 55.0), this version of the Java Runtime only recognizes class file versions up to 52.0
	at massageBusTest.setUp(massageBusTest.java:24)
	at java.lang.reflect.Method.invoke(Method.java:498)
	at java.util.ArrayList.forEach(ArrayList.java:1259)
	at java.util.ArrayList.forEach(ArrayList.java:1259)
]]></error>
  </testcase>
  <testcase name="testSendEventRoundRobin" classname="massageBusTest" time="0.001">
    <error message="org/mockito/Mockito has been compiled by a more recent version of the Java Runtime (class file version 55.0), this version of the Java Runtime only recognizes class file versions up to 52.0" type="java.lang.UnsupportedClassVersionError"><![CDATA[java.lang.UnsupportedClassVersionError: org/mockito/Mockito has been compiled by a more recent version of the Java Runtime (class file version 55.0), this version of the Java Runtime only recognizes class file versions up to 52.0
	at massageBusTest.setUp(massageBusTest.java:24)
	at java.lang.reflect.Method.invoke(Method.java:498)
	at java.util.ArrayList.forEach(ArrayList.java:1259)
	at java.util.ArrayList.forEach(ArrayList.java:1259)
]]></error>
  </testcase>
  <testcase name="testSubscribeEvent" classname="massageBusTest" time="0.01">
    <error message="org/mockito/Mockito has been compiled by a more recent version of the Java Runtime (class file version 55.0), this version of the Java Runtime only recognizes class file versions up to 52.0" type="java.lang.UnsupportedClassVersionError"><![CDATA[java.lang.UnsupportedClassVersionError: org/mockito/Mockito has been compiled by a more recent version of the Java Runtime (class file version 55.0), this version of the Java Runtime only recognizes class file versions up to 52.0
	at massageBusTest.setUp(massageBusTest.java:24)
	at java.lang.reflect.Method.invoke(Method.java:498)
	at java.util.ArrayList.forEach(ArrayList.java:1259)
	at java.util.ArrayList.forEach(ArrayList.java:1259)
]]></error>
  </testcase>
  <testcase name="testCompleteEvent" classname="massageBusTest" time="0.002">
    <error message="org/mockito/Mockito has been compiled by a more recent version of the Java Runtime (class file version 55.0), this version of the Java Runtime only recognizes class file versions up to 52.0" type="java.lang.UnsupportedClassVersionError"><![CDATA[java.lang.UnsupportedClassVersionError: org/mockito/Mockito has been compiled by a more recent version of the Java Runtime (class file version 55.0), this version of the Java Runtime only recognizes class file versions up to 52.0
	at massageBusTest.setUp(massageBusTest.java:24)
	at java.lang.reflect.Method.invoke(Method.java:498)
	at java.util.ArrayList.forEach(ArrayList.java:1259)
	at java.util.ArrayList.forEach(ArrayList.java:1259)
]]></error>
  </testcase>
</testsuite>